[I 2024-08-01 17:52:30,443] Trial 0 finished with value: 0.6228070175438597 and parameters: {'num_layers': 3, 'num_units': 10, 'lr': 0.004363460865583532}. Best is trial 0 with value: 0.6228070175438597.
[I 2024-08-01 17:52:30,451] Trial 1 finished with value: 0.6228070175438597 and parameters: {'num_layers': 3, 'num_units': 77, 'lr': 1.842598326858712e-05}. Best is trial 0 with value: 0.6228070175438597.
[I 2024-08-01 17:52:30,462] Trial 2 finished with value: 0.9385964912280702 and parameters: {'num_layers': 5, 'num_units': 55, 'lr': 0.003609795782359115}. Best is trial 2 with value: 0.9385964912280702.
[I 2024-08-01 17:52:30,468] Trial 3 finished with value: 0.8771929824561403 and parameters: {'num_layers': 1, 'num_units': 47, 'lr': 0.0021827521866422095}. Best is trial 2 with value: 0.9385964912280702.
[I 2024-08-01 17:52:30,474] Trial 4 finished with value: 0.9912280701754386 and parameters: {'num_layers': 2, 'num_units': 11, 'lr': 0.034868374724776115}. Best is trial 4 with value: 0.9912280701754386.
[I 2024-08-01 17:52:30,484] Trial 5 finished with value: 0.9736842105263158 and parameters: {'num_layers': 5, 'num_units': 78, 'lr': 0.039365893118632374}. Best is trial 4 with value: 0.9912280701754386.
[I 2024-08-01 17:52:30,493] Trial 6 finished with value: 0.7719298245614035 and parameters: {'num_layers': 3, 'num_units': 51, 'lr': 4.1074627423742965e-05}. Best is trial 4 with value: 0.9912280701754386.
[I 2024-08-01 17:52:30,501] Trial 7 finished with value: 0.6228070175438597 and parameters: {'num_layers': 5, 'num_units': 20, 'lr': 1.2775137699933669e-05}. Best is trial 4 with value: 0.9912280701754386.
[I 2024-08-01 17:52:30,508] Trial 8 finished with value: 0.8947368421052632 and parameters: {'num_layers': 2, 'num_units': 78, 'lr': 0.03681168690395871}. Best is trial 4 with value: 0.9912280701754386.
[I 2024-08-01 17:52:30,515] Trial 9 finished with value: 0.631578947368421 and parameters: {'num_layers': 4, 'num_units': 42, 'lr': 0.0008712820687871211}. Best is trial 4 with value: 0.9912280701754386.
[I 2024-08-01 17:52:30,526] Trial 10 finished with value: 0.9473684210526315 and parameters: {'num_layers': 1, 'num_units': 26, 'lr': 0.08606752240712784}. Best is trial 4 with value: 0.9912280701754386.
[I 2024-08-01 17:52:30,537] Trial 11 finished with value: 0.9824561403508771 and parameters: {'num_layers': 2, 'num_units': 91, 'lr': 0.017944767247784325}. Best is trial 4 with value: 0.9912280701754386.
[I 2024-08-01 17:52:30,551] Trial 12 finished with value: 0.9824561403508771 and parameters: {'num_layers': 2, 'num_units': 100, 'lr': 0.011206424000488947}. Best is trial 4 with value: 0.9912280701754386.
[I 2024-08-01 17:52:30,561] Trial 13 finished with value: 0.956140350877193 and parameters: {'num_layers': 2, 'num_units': 97, 'lr': 0.00038158687510912465}. Best is trial 4 with value: 0.9912280701754386.
[I 2024-08-01 17:52:30,572] Trial 14 finished with value: 0.9736842105263158 and parameters: {'num_layers': 2, 'num_units': 38, 'lr': 0.015384014691228767}. Best is trial 4 with value: 0.9912280701754386.
[I 2024-08-01 17:52:30,583] Trial 15 finished with value: 0.8859649122807017 and parameters: {'num_layers': 1, 'num_units': 69, 'lr': 0.0002600382900329717}. Best is trial 4 with value: 0.9912280701754386.
[I 2024-08-01 17:52:30,595] Trial 16 finished with value: 0.9298245614035088 and parameters: {'num_layers': 4, 'num_units': 64, 'lr': 0.09003127627687967}. Best is trial 4 with value: 0.9912280701754386.
[I 2024-08-01 17:52:30,607] Trial 17 finished with value: 0.956140350877193 and parameters: {'num_layers': 2, 'num_units': 89, 'lr': 0.012919008952086327}. Best is trial 4 with value: 0.9912280701754386.
[I 2024-08-01 17:52:30,618] Trial 18 finished with value: 0.956140350877193 and parameters: {'num_layers': 3, 'num_units': 31, 'lr': 0.026241644811039317}. Best is trial 4 with value: 0.9912280701754386.
[I 2024-08-01 17:52:30,628] Trial 19 finished with value: 0.9649122807017544 and parameters: {'num_layers': 1, 'num_units': 63, 'lr': 0.008288502687247774}. Best is trial 4 with value: 0.9912280701754386.
Best trial:
  Accuracy: 0.9912
  Params: 
    num_layers: 2
    num_units: 11
    lr: 0.034868374724776115
```--DIVIDER--
![optimization_history.png](optimization_history.png)


![hp_importance.png](hp_importance.png)--DIVIDER--# Summary
This tutorial guided you through setting up hyperparameter tuning using Bayesian Optimization, defining the objective function, specifying the hyperparameter space, and running the tuning process. Key takeaways included the importance of defining an appropriate hyperparameter space, wisely utilizing Bayesian Optimization, and the necessity of diligent results tracking for future tuning efforts.

